<?xml version="1.0" encoding="UTF-8"?>
<!-- Generated by org.testng.reporters.JUnitXMLReporter -->
<testsuite hostname="DESKTOP-AJ3PD1C" failures="1" tests="1" name="VerifyCl2plus1ChromeBrowser" time="13.993" errors="0" timestamp="30 Jan 2024 12:18:25 GMT">
  <testcase classname="com.cucumber.TestRunner.CreateQuestionRunner" name="feature" time="9.559">
    <failure type="cucumber.runtime.CucumberException" message="java.lang.NullPointerException">
      <![CDATA[cucumber.runtime.CucumberException: java.lang.NullPointerException
	at cucumber.api.testng.TestNGCucumberRunner.runCucumber(TestNGCucumberRunner.java:69)
	at cucumber.api.testng.AbstractTestNGCucumberTests.feature(AbstractTestNGCucumberTests.java:21)
Caused by: java.lang.NullPointerException
	at com.cucumber.PageObjects.CreateAppQuestionPageObjects.clickonAppQuestion(CreateAppQuestionPageObjects.java:92)
	at com.cucumber.stepdefination.CreateAppQuestionSteps.click_on_App_Question(CreateAppQuestionSteps.java:30)
	at âœ½.Given Click on App Question(src/test/resources/features/CreateAppQuestion.feature:7)
... Removed 24 stack frames]]>
    </failure>
  </testcase> <!-- feature -->
</testsuite> <!-- VerifyCl2plus1ChromeBrowser -->
